Determining if the pthread_create exist failed with the following output:
Change Dir: /home/qinru/catkin_ws/build/CMakeFiles/CMakeTmp

Run Build Command:/usr/bin/make "cmTryCompileExec2301205902/fast"
/usr/bin/make -f CMakeFiles/cmTryCompileExec2301205902.dir/build.make CMakeFiles/cmTryCompileExec2301205902.dir/build
make[1]: Entering directory `/home/qinru/catkin_ws/build/CMakeFiles/CMakeTmp'
/usr/bin/cmake -E cmake_progress_report /home/qinru/catkin_ws/build/CMakeFiles/CMakeTmp/CMakeFiles 1
Building C object CMakeFiles/cmTryCompileExec2301205902.dir/CheckSymbolExists.c.o
/usr/bin/cc    -o CMakeFiles/cmTryCompileExec2301205902.dir/CheckSymbolExists.c.o   -c /home/qinru/catkin_ws/build/CMakeFiles/CMakeTmp/CheckSymbolExists.c
Linking C executable cmTryCompileExec2301205902
/usr/bin/cmake -E cmake_link_script CMakeFiles/cmTryCompileExec2301205902.dir/link.txt --verbose=1
/usr/bin/cc       CMakeFiles/cmTryCompileExec2301205902.dir/CheckSymbolExists.c.o  -o cmTryCompileExec2301205902 -rdynamic 
CMakeFiles/cmTryCompileExec2301205902.dir/CheckSymbolExists.c.o: In function `main':
CheckSymbolExists.c:(.text+0xa): undefined reference to `pthread_create'
collect2: error: ld returned 1 exit status
make[1]: Leaving directory `/home/qinru/catkin_ws/build/CMakeFiles/CMakeTmp'
make[1]: *** [cmTryCompileExec2301205902] Error 1
make: *** [cmTryCompileExec2301205902/fast] Error 2

File /home/qinru/catkin_ws/build/CMakeFiles/CMakeTmp/CheckSymbolExists.c:
/* */
#include <pthread.h>

int main(int argc, char** argv)
{
  (void)argv;
#ifndef pthread_create
  return ((int*)(&pthread_create))[argc];
#else
  (void)argc;
  return 0;
#endif
}

Determining if the function pthread_create exists in the pthreads failed with the following output:
Change Dir: /home/qinru/catkin_ws/build/CMakeFiles/CMakeTmp

Run Build Command:/usr/bin/make "cmTryCompileExec108063263/fast"
/usr/bin/make -f CMakeFiles/cmTryCompileExec108063263.dir/build.make CMakeFiles/cmTryCompileExec108063263.dir/build
make[1]: Entering directory `/home/qinru/catkin_ws/build/CMakeFiles/CMakeTmp'
/usr/bin/cmake -E cmake_progress_report /home/qinru/catkin_ws/build/CMakeFiles/CMakeTmp/CMakeFiles 1
Building C object CMakeFiles/cmTryCompileExec108063263.dir/CheckFunctionExists.c.o
/usr/bin/cc   -DCHECK_FUNCTION_EXISTS=pthread_create   -o CMakeFiles/cmTryCompileExec108063263.dir/CheckFunctionExists.c.o   -c /usr/share/cmake-2.8/Modules/CheckFunctionExists.c
Linking C executable cmTryCompileExec108063263
/usr/bin/cmake -E cmake_link_script CMakeFiles/cmTryCompileExec108063263.dir/link.txt --verbose=1
/usr/bin/cc   -DCHECK_FUNCTION_EXISTS=pthread_create    CMakeFiles/cmTryCompileExec108063263.dir/CheckFunctionExists.c.o  -o cmTryCompileExec108063263 -rdynamic -lpthreads 
/usr/bin/ld: cannot find -lpthreads
collect2: error: ld returned 1 exit status
make[1]: *** [cmTryCompileExec108063263] Error 1
make[1]: Leaving directory `/home/qinru/catkin_ws/build/CMakeFiles/CMakeTmp'
make: *** [cmTryCompileExec108063263/fast] Error 2


